Iteracao:  0 Melhor fitness:  0.014111526352955978
Iteracao:  1 Melhor fitness:  0.014111526352955978
Iteracao:  2 Melhor fitness:  0.014111526352955978
Iteracao:  3 Melhor fitness:  0.014111526352955978
Iteracao:  4 Melhor fitness:  0.014111526352955978
Iteracao:  5 Melhor fitness:  0.014111526352955978
Iteracao:  6 Melhor fitness:  0.014111526352955978
Iteracao:  7 Melhor fitness:  0.014111526352955978
Iteracao:  8 Melhor fitness:  0.014111526352955978
Iteracao:  9 Melhor fitness:  0.014111526352955978
Iteracao:  0 Melhor fitness:  0.0502288764322799
Iteracao:  1 Melhor fitness:  0.0502288764322799
Iteracao:  2 Melhor fitness:  0.0502288764322799
Iteracao:  3 Melhor fitness:  0.0502288764322799
Iteracao:  4 Melhor fitness:  0.0502288764322799
Iteracao:  5 Melhor fitness:  0.0502288764322799
Iteracao:  6 Melhor fitness:  0.0502288764322799
Iteracao:  7 Melhor fitness:  0.0502288764322799
Iteracao:  8 Melhor fitness:  0.0502288764322799
Iteracao:  9 Melhor fitness:  0.0502288764322799
Iteracao:  0 Melhor fitness:  0.005760389266313571
Iteracao:  1 Melhor fitness:  0.005760389266313571
Iteracao:  2 Melhor fitness:  0.005760389266313571
Iteracao:  3 Melhor fitness:  0.005760389266313571
Iteracao:  4 Melhor fitness:  0.005760389266313571
Iteracao:  5 Melhor fitness:  0.005760389266313571
Iteracao:  6 Melhor fitness:  0.005760389266313571
Iteracao:  7 Melhor fitness:  0.005760389266313571
Iteracao:  8 Melhor fitness:  0.005760389266313571
Iteracao:  9 Melhor fitness:  0.005760389266313571
Iteracao:  0 Melhor fitness:  0.7041155331354454
Iteracao:  1 Melhor fitness:  0.7041155331354454
Iteracao:  2 Melhor fitness:  0.7041155331354454
Iteracao:  3 Melhor fitness:  0.7041155331354454
Iteracao:  4 Melhor fitness:  0.7041155331354454
Iteracao:  5 Melhor fitness:  0.7041155331354454
Iteracao:  6 Melhor fitness:  0.7041155331354454
Iteracao:  7 Melhor fitness:  0.7041155331354454
Iteracao:  8 Melhor fitness:  0.7041155331354454
Iteracao:  9 Melhor fitness:  0.7041155331354454
Iteracao:  0 Melhor fitness:  0.022203128014137534 posicao:  [-4.0554 -1.4725]
Iteracao:  1 Melhor fitness:  0.022203128014137534 posicao:  [-1.153   4.0382]
Iteracao:  2 Melhor fitness:  0.022203128014137534 posicao:  [-1.153   4.0382]
Iteracao:  3 Melhor fitness:  0.022203128014137534 posicao:  [ 1.1168 -0.9814]
Iteracao:  4 Melhor fitness:  0.022203128014137534 posicao:  [ 1.1168 -0.9814]
Iteracao:  5 Melhor fitness:  0.022203128014137534 posicao:  [ 0.9751 -0.9814]
Iteracao:  6 Melhor fitness:  0.022203128014137534 posicao:  [ 0.9751 -0.9814]
Iteracao:  7 Melhor fitness:  0.022203128014137534 posicao:  [ 0.9751 -0.9814]
Iteracao:  8 Melhor fitness:  0.022203128014137534 posicao:  [-1.007  -0.9814]
Iteracao:  9 Melhor fitness:  0.022203128014137534 posicao:  [-1.007  -0.0318]
Iteracao:  10 Melhor fitness:  0.022203128014137534 posicao:  [-1.007  -0.0318]
Iteracao:  11 Melhor fitness:  0.022203128014137534 posicao:  [-0.9902 -0.0318]
Iteracao:  12 Melhor fitness:  0.022203128014137534 posicao:  [ 0.0675 -0.0318]
Iteracao:  13 Melhor fitness:  0.022203128014137534 posicao:  [ 0.0675 -0.0318]
Iteracao:  14 Melhor fitness:  0.022203128014137534 posicao:  [ 0.0675 -0.0318]
Iteracao:  15 Melhor fitness:  0.022203128014137534 posicao:  [ 0.0675 -0.0318]
Iteracao:  16 Melhor fitness:  0.022203128014137534 posicao:  [ 0.0221 -0.0318]
Iteracao:  17 Melhor fitness:  0.022203128014137534 posicao:  [ 0.0221 -0.0318]
Iteracao:  18 Melhor fitness:  0.022203128014137534 posicao:  [ 0.0221 -0.0318]
Iteracao:  19 Melhor fitness:  0.022203128014137534 posicao:  [ 0.0002 -0.0318]
Iteracao:  20 Melhor fitness:  0.022203128014137534 posicao:  [ 0.0002 -0.0082]
Iteracao:  21 Melhor fitness:  0.022203128014137534 posicao:  [ 0.0002 -0.0082]
Iteracao:  22 Melhor fitness:  0.022203128014137534 posicao:  [ 0.0002 -0.0082]
Iteracao:  23 Melhor fitness:  0.022203128014137534 posicao:  [ 0.0002 -0.0082]
Iteracao:  24 Melhor fitness:  0.022203128014137534 posicao:  [ 0.0002 -0.0026]
Iteracao:  25 Melhor fitness:  0.022203128014137534 posicao:  [ 0.0002 -0.0026]
Iteracao:  26 Melhor fitness:  0.022203128014137534 posicao:  [ 0.0002 -0.0026]
Iteracao:  27 Melhor fitness:  0.022203128014137534 posicao:  [ 0.0002 -0.0026]
Iteracao:  28 Melhor fitness:  0.022203128014137534 posicao:  [ 0.0002 -0.0026]
Iteracao:  29 Melhor fitness:  0.022203128014137534 posicao:  [ 0.0002 -0.0026]
Iteracao:  30 Melhor fitness:  0.022203128014137534 posicao:  [-0.0001 -0.0026]
Iteracao:  31 Melhor fitness:  0.022203128014137534 posicao:  [-0.0001 -0.0026]
Iteracao:  32 Melhor fitness:  0.022203128014137534 posicao:  [-0.0001 -0.0025]
Iteracao:  33 Melhor fitness:  0.022203128014137534 posicao:  [-0.0001 -0.0025]
Iteracao:  34 Melhor fitness:  0.022203128014137534 posicao:  [-0.0001 -0.0025]
Iteracao:  35 Melhor fitness:  0.022203128014137534 posicao:  [-0.0001 -0.0025]
Iteracao:  36 Melhor fitness:  0.022203128014137534 posicao:  [-0.0001 -0.0001]
Iteracao:  37 Melhor fitness:  0.022203128014137534 posicao:  [-0.0001 -0.0001]
Iteracao:  38 Melhor fitness:  0.022203128014137534 posicao:  [-0.0001 -0.0001]
Iteracao:  39 Melhor fitness:  0.022203128014137534 posicao:  [-0.0001 -0.0001]
Iteracao:  40 Melhor fitness:  0.022203128014137534 posicao:  [-0.0001 -0.0001]
Iteracao:  41 Melhor fitness:  0.022203128014137534 posicao:  [-0.0001 -0.0001]
Iteracao:  42 Melhor fitness:  0.022203128014137534 posicao:  [-0.0001 -0.0001]
Iteracao:  43 Melhor fitness:  0.022203128014137534 posicao:  [-0.0001 -0.0001]
Iteracao:  44 Melhor fitness:  0.022203128014137534 posicao:  [-0.0001 -0.0001]
Iteracao:  45 Melhor fitness:  0.022203128014137534 posicao:  [-0.0001 -0.0001]
Iteracao:  46 Melhor fitness:  0.022203128014137534 posicao:  [-0.0001 -0.0001]
Iteracao:  47 Melhor fitness:  0.022203128014137534 posicao:  [-0.0001 -0.0001]
Iteracao:  48 Melhor fitness:  0.022203128014137534 posicao:  [-0.0001 -0.0001]
Iteracao:  49 Melhor fitness:  0.022203128014137534 posicao:  [-0.0001 -0.0001]
Iteracao:  50 Melhor fitness:  0.022203128014137534 posicao:  [-0.0001 -0.0001]
Iteracao:  51 Melhor fitness:  0.022203128014137534 posicao:  [-0.0001 -0.0001]
Iteracao:  52 Melhor fitness:  0.022203128014137534 posicao:  [-0.0001 -0.0001]
Iteracao:  53 Melhor fitness:  0.022203128014137534 posicao:  [-0.0001 -0.0001]
Iteracao:  54 Melhor fitness:  0.022203128014137534 posicao:  [-0.0001 -0.0001]
Iteracao:  55 Melhor fitness:  0.022203128014137534 posicao:  [-0.0001 -0.0001]
Iteracao:  56 Melhor fitness:  0.022203128014137534 posicao:  [-0.0001 -0.    ]
Iteracao:  57 Melhor fitness:  0.022203128014137534 posicao:  [-0.0001 -0.    ]
Iteracao:  58 Melhor fitness:  0.022203128014137534 posicao:  [-0.0001 -0.    ]
Iteracao:  59 Melhor fitness:  0.022203128014137534 posicao:  [-0.0001 -0.    ]
Iteracao:  60 Melhor fitness:  0.022203128014137534 posicao:  [-0.0001 -0.    ]
Iteracao:  61 Melhor fitness:  0.022203128014137534 posicao:  [-0.0001 -0.    ]
Iteracao:  62 Melhor fitness:  0.022203128014137534 posicao:  [-0. -0.]
Iteracao:  63 Melhor fitness:  0.022203128014137534 posicao:  [-0. -0.]
Iteracao:  64 Melhor fitness:  0.022203128014137534 posicao:  [-0. -0.]
Iteracao:  65 Melhor fitness:  0.022203128014137534 posicao:  [-0. -0.]
Iteracao:  66 Melhor fitness:  0.022203128014137534 posicao:  [-0. -0.]
Iteracao:  67 Melhor fitness:  0.022203128014137534 posicao:  [-0. -0.]
Iteracao:  68 Melhor fitness:  0.022203128014137534 posicao:  [-0. -0.]
Iteracao:  69 Melhor fitness:  0.022203128014137534 posicao:  [-0. -0.]
Iteracao:  70 Melhor fitness:  0.022203128014137534 posicao:  [-0. -0.]
Iteracao:  71 Melhor fitness:  0.022203128014137534 posicao:  [-0. -0.]
Iteracao:  72 Melhor fitness:  0.022203128014137534 posicao:  [-0. -0.]
Iteracao:  73 Melhor fitness:  0.022203128014137534 posicao:  [-0. -0.]
Iteracao:  74 Melhor fitness:  0.022203128014137534 posicao:  [-0. -0.]
Iteracao:  75 Melhor fitness:  0.022203128014137534 posicao:  [-0. -0.]
Iteracao:  76 Melhor fitness:  0.022203128014137534 posicao:  [-0. -0.]
Iteracao:  77 Melhor fitness:  0.022203128014137534 posicao:  [-0. -0.]
Iteracao:  78 Melhor fitness:  0.022203128014137534 posicao:  [-0. -0.]
Iteracao:  79 Melhor fitness:  0.022203128014137534 posicao:  [-0. -0.]
Iteracao:  80 Melhor fitness:  0.022203128014137534 posicao:  [-0. -0.]
Iteracao:  81 Melhor fitness:  0.022203128014137534 posicao:  [-0. -0.]
Iteracao:  82 Melhor fitness:  0.022203128014137534 posicao:  [-0. -0.]
Iteracao:  83 Melhor fitness:  0.022203128014137534 posicao:  [-0. -0.]
Iteracao:  84 Melhor fitness:  0.022203128014137534 posicao:  [-0. -0.]
Iteracao:  85 Melhor fitness:  0.022203128014137534 posicao:  [-0. -0.]
Iteracao:  86 Melhor fitness:  0.022203128014137534 posicao:  [-0. -0.]
Iteracao:  87 Melhor fitness:  0.022203128014137534 posicao:  [-0. -0.]
Iteracao:  88 Melhor fitness:  0.022203128014137534 posicao:  [-0. -0.]
Iteracao:  89 Melhor fitness:  0.022203128014137534 posicao:  [-0. -0.]
Iteracao:  90 Melhor fitness:  0.022203128014137534 posicao:  [-0. -0.]
Iteracao:  91 Melhor fitness:  0.022203128014137534 posicao:  [-0. -0.]
Iteracao:  92 Melhor fitness:  0.022203128014137534 posicao:  [-0. -0.]
Iteracao:  93 Melhor fitness:  0.022203128014137534 posicao:  [-0. -0.]
Iteracao:  94 Melhor fitness:  0.022203128014137534 posicao:  [-0. -0.]
Iteracao:  95 Melhor fitness:  0.022203128014137534 posicao:  [-0. -0.]
Iteracao:  96 Melhor fitness:  0.022203128014137534 posicao:  [-0. -0.]
Iteracao:  97 Melhor fitness:  0.022203128014137534 posicao:  [-0. -0.]
Iteracao:  98 Melhor fitness:  0.022203128014137534 posicao:  [-0. -0.]
Iteracao:  99 Melhor fitness:  0.022203128014137534 posicao:  [-0. -0.]
